CRITICAL - 2025-02-18 18:21:55 --> ErrorException: file_get_contents(http://localhost:3000): Failed to open stream: No connection could be made because the target machine actively refused it
[Method: GET, Route: /]
in APPPATH\Views\welcome_message.php on line 246.
 1 [internal function]: CodeIgniter\Debug\Exceptions->errorHandler(2, 'file_get_contents(http://localhost:3000): Failed to open stream: No connection could be made because the target machine actively refused it', 'D:\\wampp\\www\\php\\codeigniter\\sample\\app\\Views\\welcome_message.php', 246)
 2 APPPATH\Views\welcome_message.php(246): file_get_contents('http://localhost:3000')
 3 SYSTEMPATH\View\View.php(224): include('D:\\wampp\\www\\php\\codeigniter\\sample\\app\\Views\\welcome_message.php')
 4 SYSTEMPATH\View\View.php(227): CodeIgniter\View\View->CodeIgniter\View\{closure}()
 5 SYSTEMPATH\Common.php(1173): CodeIgniter\View\View->render('welcome_message', [], true)
 6 APPPATH\Controllers\Home.php(9): view('welcome_message')
 7 SYSTEMPATH\CodeIgniter.php(933): App\Controllers\Home->index()
 8 SYSTEMPATH\CodeIgniter.php(507): CodeIgniter\CodeIgniter->runController(Object(App\Controllers\Home))
 9 SYSTEMPATH\CodeIgniter.php(354): CodeIgniter\CodeIgniter->handleRequest(null, Object(Config\Cache), false)
10 SYSTEMPATH\Boot.php(334): CodeIgniter\CodeIgniter->run()
11 SYSTEMPATH\Boot.php(67): CodeIgniter\Boot::runCodeIgniter(Object(CodeIgniter\CodeIgniter))
12 FCPATH\index.php(56): CodeIgniter\Boot::bootWeb(Object(Config\Paths))
CRITICAL - 2025-02-18 18:22:14 --> ErrorException: file_get_contents(http://localhost:3000): Failed to open stream: No connection could be made because the target machine actively refused it
[Method: GET, Route: /]
in APPPATH\Views\welcome_message.php on line 246.
 1 [internal function]: CodeIgniter\Debug\Exceptions->errorHandler(2, 'file_get_contents(http://localhost:3000): Failed to open stream: No connection could be made because the target machine actively refused it', 'D:\\wampp\\www\\php\\codeigniter\\sample\\app\\Views\\welcome_message.php', 246)
 2 APPPATH\Views\welcome_message.php(246): file_get_contents('http://localhost:3000')
 3 SYSTEMPATH\View\View.php(224): include('D:\\wampp\\www\\php\\codeigniter\\sample\\app\\Views\\welcome_message.php')
 4 SYSTEMPATH\View\View.php(227): CodeIgniter\View\View->CodeIgniter\View\{closure}()
 5 SYSTEMPATH\Common.php(1173): CodeIgniter\View\View->render('welcome_message', [], true)
 6 APPPATH\Controllers\Home.php(9): view('welcome_message')
 7 SYSTEMPATH\CodeIgniter.php(933): App\Controllers\Home->index()
 8 SYSTEMPATH\CodeIgniter.php(507): CodeIgniter\CodeIgniter->runController(Object(App\Controllers\Home))
 9 SYSTEMPATH\CodeIgniter.php(354): CodeIgniter\CodeIgniter->handleRequest(null, Object(Config\Cache), false)
10 SYSTEMPATH\Boot.php(334): CodeIgniter\CodeIgniter->run()
11 SYSTEMPATH\Boot.php(67): CodeIgniter\Boot::runCodeIgniter(Object(CodeIgniter\CodeIgniter))
12 FCPATH\index.php(56): CodeIgniter\Boot::bootWeb(Object(Config\Paths))
